TN:
SF:src/currency/input.ts
FN:6,resolveCurrencyInputOptions
FN:13,getLocaleNumberSeparators
FN:17,(anonymous_2)
FN:18,(anonymous_3)
FN:22,normalizeIntegerPart
FN:34,normalizeRawCurrencyValue
FN:57,parseCurrencyInput
FN:111,formatCurrencyInput
FN:151,getCurrencyInputCaretPosition
FNF:9
FNH:9
FNDA:28,resolveCurrencyInputOptions
FNDA:22,getLocaleNumberSeparators
FNDA:44,(anonymous_2)
FNDA:88,(anonymous_3)
FNDA:15,normalizeIntegerPart
FNDA:17,normalizeRawCurrencyValue
FNDA:19,parseCurrencyInput
FNDA:9,formatCurrencyInput
FNDA:4,getCurrencyInputCaretPosition
DA:7,28
DA:14,22
DA:16,22
DA:17,44
DA:18,88
DA:23,15
DA:24,1
DA:27,14
DA:28,2
DA:31,12
DA:35,17
DA:36,2
DA:39,15
DA:41,15
DA:42,6
DA:45,9
DA:46,9
DA:48,9
DA:49,8
DA:51,8
DA:54,1
DA:58,19
DA:59,19
DA:61,19
DA:62,2
DA:65,17
DA:66,17
DA:68,17
DA:69,7
DA:71,7
DA:72,1
DA:75,7
DA:76,6
DA:77,1
DA:78,1
DA:81,7
DA:83,7
DA:86,10
DA:87,10
DA:90,10
DA:91,2
DA:93,2
DA:94,2
DA:99,10
DA:101,10
DA:103,10
DA:104,8
DA:108,10
DA:112,9
DA:114,9
DA:115,1
DA:118,8
DA:120,8
DA:121,1
DA:124,7
DA:126,7
DA:127,1
DA:130,6
DA:132,6
DA:133,1
DA:136,5
DA:137,5
DA:138,5
DA:140,5
DA:141,4
DA:144,1
DA:145,0
DA:148,1
DA:156,4
DA:158,4
DA:159,1
DA:162,3
DA:164,3
DA:165,10
DA:166,8
DA:169,10
DA:170,2
DA:174,1
DA:177,1
LF:79
LH:78
BRDA:6,0,0,28
BRDA:8,1,0,28
BRDA:8,1,1,11
BRDA:9,2,0,28
BRDA:9,2,1,11
BRDA:17,3,0,22
BRDA:17,3,1,0
BRDA:18,4,0,22
BRDA:18,4,1,0
BRDA:23,5,0,1
BRDA:23,5,1,14
BRDA:27,6,0,2
BRDA:27,6,1,12
BRDA:27,7,0,14
BRDA:27,7,1,14
BRDA:28,8,0,2
BRDA:28,8,1,1
BRDA:35,9,0,2
BRDA:35,9,1,15
BRDA:39,10,0,15
BRDA:41,11,0,6
BRDA:41,11,1,9
BRDA:48,12,0,8
BRDA:48,12,1,1
BRDA:48,13,0,9
BRDA:48,13,1,1
BRDA:49,14,0,8
BRDA:49,14,1,0
BRDA:51,15,0,2
BRDA:51,15,1,6
BRDA:51,16,0,8
BRDA:51,16,1,2
BRDA:57,17,0,19
BRDA:61,18,0,2
BRDA:61,18,1,17
BRDA:68,19,0,7
BRDA:68,19,1,10
BRDA:71,20,0,1
BRDA:71,20,1,6
BRDA:75,21,0,6
BRDA:75,21,1,1
BRDA:77,22,0,1
BRDA:77,22,1,0
BRDA:86,23,0,10
BRDA:86,23,1,0
BRDA:90,24,0,2
BRDA:90,24,1,8
BRDA:93,25,0,2
BRDA:93,25,1,0
BRDA:103,26,0,8
BRDA:103,26,1,2
BRDA:111,27,0,9
BRDA:114,28,0,1
BRDA:114,28,1,8
BRDA:118,29,0,8
BRDA:120,30,0,1
BRDA:120,30,1,7
BRDA:126,31,0,1
BRDA:126,31,1,6
BRDA:132,32,0,1
BRDA:132,32,1,5
BRDA:140,33,0,4
BRDA:140,33,1,1
BRDA:144,34,0,0
BRDA:144,34,1,1
BRDA:158,35,0,1
BRDA:158,35,1,3
BRDA:165,36,0,8
BRDA:165,36,1,2
BRDA:165,37,0,10
BRDA:165,37,1,0
BRDA:169,38,0,2
BRDA:169,38,1,8
BRF:73
BRH:65
end_of_record
TN:
SF:src/currency/utils.ts
FN:9,resolveFormatCurrencyOptions
FN:18,toCurrencyAmount
FN:24,roundCurrencyAmount
FN:28,formatCompactVndAmount
FN:52,formatShortCurrency
FN:58,formatCurrency
FN:74,formatSignedCurrency
FNF:7
FNH:7
FNDA:18,resolveFormatCurrencyOptions
FNDA:23,toCurrencyAmount
FNDA:2,roundCurrencyAmount
FNDA:12,formatCompactVndAmount
FNDA:12,formatShortCurrency
FNDA:6,formatCurrency
FNDA:2,formatSignedCurrency
DA:10,18
DA:19,23
DA:21,23
DA:25,2
DA:29,12
DA:30,12
DA:31,12
DA:33,12
DA:34,7
DA:36,7
DA:41,5
DA:42,3
DA:44,3
DA:49,2
DA:53,12
DA:55,12
DA:59,6
DA:60,6
DA:62,6
DA:63,4
DA:66,2
DA:79,2
DA:81,2
LF:23
LH:23
BRDA:9,0,0,18
BRDA:11,1,0,18
BRDA:11,1,1,13
BRDA:12,2,0,18
BRDA:12,2,1,13
BRDA:13,3,0,18
BRDA:13,3,1,13
BRDA:14,4,0,18
BRDA:14,4,1,13
BRDA:19,5,0,4
BRDA:19,5,1,19
BRDA:21,6,0,20
BRDA:21,6,1,3
BRDA:31,7,0,3
BRDA:31,7,1,9
BRDA:33,8,0,7
BRDA:33,8,1,5
BRDA:37,9,0,6
BRDA:37,9,1,1
BRDA:41,10,0,3
BRDA:41,10,1,2
BRDA:45,11,0,2
BRDA:45,11,1,1
BRDA:52,12,0,12
BRDA:58,13,0,6
BRDA:60,14,0,6
BRDA:60,14,1,5
BRDA:60,15,0,4
BRDA:60,15,1,1
BRDA:62,16,0,4
BRDA:62,16,1,2
BRDA:62,17,0,6
BRDA:62,17,1,4
BRDA:77,18,0,2
BRDA:79,19,0,1
BRDA:79,19,1,1
BRF:36
BRH:36
end_of_record
TN:
SF:src/date/utils.ts
FN:19,toDate
FN:31,formatDate
FN:35,formatDateShort
FN:39,formatDateLong
FN:43,formatDateNumeric
FN:47,formatDateTime
FN:51,formatDateTimeShort
FN:55,formatRelative
FN:59,formatIsoDate
FN:63,isValidDate
FN:67,isDateToday
FN:71,isDateInRange
FN:75,getTodayRange
FN:84,getThisMonthRange
FN:93,getLastMonthRange
FNF:15
FNH:15
FNDA:23,toDate
FNDA:5,formatDate
FNDA:1,formatDateShort
FNDA:1,formatDateLong
FNDA:1,formatDateNumeric
FNDA:3,formatDateTime
FNDA:1,formatDateTimeShort
FNDA:1,formatRelative
FNDA:1,formatIsoDate
FNDA:2,isValidDate
FNDA:2,isDateToday
FNDA:2,isDateInRange
FNDA:2,getTodayRange
FNDA:1,getThisMonthRange
FNDA:1,getLastMonthRange
DA:20,23
DA:21,20
DA:24,3
DA:25,2
DA:28,1
DA:32,5
DA:36,1
DA:40,1
DA:44,1
DA:48,3
DA:52,1
DA:56,1
DA:60,1
DA:64,2
DA:68,2
DA:72,2
DA:76,2
DA:78,2
DA:85,1
DA:87,1
DA:94,1
DA:96,1
LF:22
LH:22
BRDA:20,0,0,20
BRDA:20,0,1,3
BRDA:24,1,0,2
BRDA:24,1,1,1
BRDA:31,2,0,5
BRDA:47,3,0,3
BRDA:75,4,0,2
BRDA:84,5,0,1
BRDA:93,6,0,1
BRF:9
BRH:9
end_of_record
